<?xml version="1.0" encoding="UTF-8"?>
<testng-results ignored="0" total="2" passed="2" failed="0" skipped="0">
  <reporter-output>
    <line>
      <![CDATA[Setting up reports and test started..]]>
    </line>
    <line>
      <![CDATA[Setting done- Test can be started..]]>
    </line>
    <line>
      <![CDATA[Trying to start browser and getting application ready..]]>
    </line>
    <line>
      <![CDATA[Browser and application is up and running..]]>
    </line>
    <line>
      <![CDATA[Executing Test1 LoginApp]]>
    </line>
    <line>
      <![CDATA[Test is about to end...]]>
    </line>
    <line>
      <![CDATA[Test Completed>>> Reports Generated]]>
    </line>
    <line>
      <![CDATA[Executing Test2 Logout]]>
    </line>
    <line>
      <![CDATA[Test is about to end...]]>
    </line>
    <line>
      <![CDATA[Test Completed>>> Reports Generated]]>
    </line>
  </reporter-output>
  <suite started-at="2025-04-20T04:15:03Z" name="Suite" finished-at="2025-04-20T04:15:13Z" duration-ms="9392">
    <groups>
    </groups>
    <test started-at="2025-04-20T04:15:03Z" name="Test" finished-at="2025-04-20T04:15:13Z" duration-ms="9392">
      <class name="com.learnautomation.testcases.LoginTestCRM">
        <test-method is-config="true" signature="setUpSuite()[pri:0, instance:com.learnautomation.testcases.LoginTestCRM@2bbf180e]" started-at="2025-04-19T23:15:03Z" name="setUpSuite" finished-at="2025-04-19T23:15:03Z" duration-ms="738" status="PASS">
          <reporter-output>
            <line>
              <![CDATA[Setting up reports and test started..]]>
            </line>
            <line>
              <![CDATA[Setting done- Test can be started..]]>
            </line>
          </reporter-output>
        </test-method> <!-- setUpSuite -->
        <test-method is-config="true" signature="setUp()[pri:0, instance:com.learnautomation.testcases.LoginTestCRM@2bbf180e]" started-at="2025-04-19T23:15:03Z" name="setUp" finished-at="2025-04-19T23:15:07Z" duration-ms="3170" status="PASS">
          <reporter-output>
            <line>
              <![CDATA[Trying to start browser and getting application ready..]]>
            </line>
            <line>
              <![CDATA[Browser and application is up and running..]]>
            </line>
          </reporter-output>
        </test-method> <!-- setUp -->
        <test-method signature="loginApp()[pri:1, instance:com.learnautomation.testcases.LoginTestCRM@2bbf180e]" started-at="2025-04-19T23:15:07Z" name="loginApp" finished-at="2025-04-19T23:15:12Z" duration-ms="5003" status="PASS">
          <reporter-output>
            <line>
              <![CDATA[Executing Test1 LoginApp]]>
            </line>
          </reporter-output>
        </test-method> <!-- loginApp -->
        <test-method is-config="true" signature="tearDownMethod(org.testng.ITestResult)[pri:0, instance:com.learnautomation.testcases.LoginTestCRM@2bbf180e]" started-at="2025-04-19T23:15:12Z" name="tearDownMethod" finished-at="2025-04-19T23:15:12Z" duration-ms="790" status="PASS">
          <params>
            <param index="0">
              <value>
                <![CDATA[[TestResult name=loginApp status=SUCCESS method=LoginTestCRM.loginApp()[pri:1, instance:com.learnautomation.testcases.LoginTestCRM@2bbf180e] output=Executing Test1 LoginApp]]]>
              </value>
            </param>
          </params>
          <reporter-output>
            <line>
              <![CDATA[Test is about to end...]]>
            </line>
            <line>
              <![CDATA[Test Completed>>> Reports Generated]]>
            </line>
          </reporter-output>
        </test-method> <!-- tearDownMethod -->
        <test-method signature="Logout()[pri:2, instance:com.learnautomation.testcases.LoginTestCRM@2bbf180e]" started-at="2025-04-19T23:15:12Z" name="Logout" finished-at="2025-04-19T23:15:12Z" duration-ms="0" status="PASS">
          <reporter-output>
            <line>
              <![CDATA[Executing Test2 Logout]]>
            </line>
          </reporter-output>
        </test-method> <!-- Logout -->
        <test-method is-config="true" signature="tearDownMethod(org.testng.ITestResult)[pri:0, instance:com.learnautomation.testcases.LoginTestCRM@2bbf180e]" started-at="2025-04-19T23:15:12Z" name="tearDownMethod" finished-at="2025-04-19T23:15:13Z" duration-ms="151" status="PASS">
          <params>
            <param index="0">
              <value>
                <![CDATA[[TestResult name=Logout status=SUCCESS method=LoginTestCRM.Logout()[pri:2, instance:com.learnautomation.testcases.LoginTestCRM@2bbf180e] output=Executing Test2 Logout]]]>
              </value>
            </param>
          </params>
          <reporter-output>
            <line>
              <![CDATA[Test is about to end...]]>
            </line>
            <line>
              <![CDATA[Test Completed>>> Reports Generated]]>
            </line>
          </reporter-output>
        </test-method> <!-- tearDownMethod -->
        <test-method is-config="true" signature="tearDown()[pri:0, instance:com.learnautomation.testcases.LoginTestCRM@2bbf180e]" started-at="2025-04-19T23:15:13Z" name="tearDown" finished-at="2025-04-19T23:15:13Z" duration-ms="249" status="PASS">
          <reporter-output>
          </reporter-output>
        </test-method> <!-- tearDown -->
      </class> <!-- com.learnautomation.testcases.LoginTestCRM -->
    </test> <!-- Test -->
  </suite> <!-- Suite -->
</testng-results>
